
> tauri-app@0.1.0 build
> vite build

[36mvite v6.4.2 [32mbuilding SSR bundle for production...[36m[39m
transforming...
node.exe : 0:13:43 [vite-plugin-svelte] src/routes/+page.svelte:287:0 `<div>` with a keydown handler must have an ARIA 
role
発生場所 行:1 文字:1
+ & "C:\Program Files\nodejs/node.exe" "C:\Program Files\nodejs/node_mo ...
+ ~~~~~~~~~~~~~~~~~~~~~~~~~~~~~~~~~~~~~~~~~~~~~~~~~~~~~~~~~~~~~~~~~~~~~
    + CategoryInfo          : NotSpecified: (0:13:43 [vite-p...ve an ARIA role:String) [], RemoteException
    + FullyQualifiedErrorId : NativeCommandError
 
https://svelte.dev/e/a11y_no_static_element_interactions
285: </script>
286: 
287: <div class="h-screen w-screen flex flex-col overflow-hidden select-none text-text-primary bg-workspace" onkeydown=
{handleKeyDown} tabindex="-1">
           ^
288:   <!-- Title Bar / Tabs -->
289:   <div class="h-8 adobe-toolbar flex items-center px-2 justify-between drag-region shrink-0">
0:13:43 [vite-plugin-svelte] src/routes/+page.svelte:460:4 `<div>` with a mousedown, mousemove, mouseup or mouseleave h
andler must have an ARIA role
https://svelte.dev/e/a11y_no_static_element_interactions
458:     {/if}
459: 
460:     <div 
              ^
461:       class="flex-1 overflow-auto flex justify-center p-8 relative scroll-smooth bg-workspace/50 {currentTool === 
'Hand' ? (isPanning ? 'cursor-grabbing' : 'cursor-grab') : ''}"
462:       onmousedown={handleMouseDown}
0:13:43 [vite-plugin-svelte] src/lib/components/CombineModal.svelte:93:6 `<div>` with a dragover, dragleave or drop han
dler must have an ARIA role
https://svelte.dev/e/a11y_no_static_element_interactions
91: 
92:       <!-- File List -->
93:       <div 
               ^
94:         class="flex-1 overflow-y-auto p-4 space-y-2 custom-scrollbar transition-colors duration-200 {isDragging ? '
bg-accent-blue/10 border-2 border-dashed border-accent-blue/50 mx-2 my-2 rounded-lg' : ''}"
95:         ondragover={handleDragOver}
0:13:43 [vite-plugin-svelte] src/lib/components/CombineModal.svelte:100:10 `<div>` with a dragstart, dragover or drop h
andler must have an ARIA role
https://svelte.dev/e/a11y_no_static_element_interactions
 98:       >
 99:         {#each files as file, i}
100:           <div 
                    ^
101:             class="group flex items-center justify-between p-3 bg-white/5 border border-white/5 rounded-md hover:b
order-accent-blue/50 transition-all {draggedIndex === i ? 'opacity-40' : ''}"
102:             draggable="true"
[32m笨・[39m 3174 modules transformed.
[31m笨・[39m Build failed in 16.82s
[31merror during build:
[31msrc/routes/+page.svelte (12:4): "HandHand" is not exported by "node_modules/phosphor-svelte/lib/index.js", importe
d by "src/routes/+page.svelte".[31m
file: [36mC:/Users/areol/OneDrive - Wizard譬ｪ蠑丈ｼ夂､ｾ/蜆ｪ鬥吝・譛臥畑/gnosticlibrary/Production/PickleBall/繧｢繝励Μ/Photon X Pro/sr
c/UI/PhotonXPro.UI.Tauri/src/routes/+page.svelte:12:4[31m
[33m
10:     MagnifyingGlassPlus, 
11:     MagnifyingGlassMinus,
12:     HandHand,
        ^
13:     Cursor,
14:     CaretLeft,
[31m
    at getRollupError (file:///C:/Users/areol/OneDrive%20-%20Wizard%E6%A0%AA%E5%BC%8F%E4%BC%9A%E7%A4%BE/%E5%84%AA%E9%A6
%99%E5%85%B1%E6%9C%89%E7%94%A8/gnosticlibrary/Production/PickleBall/%E3%82%A2%E3%83%97%E3%83%AA/Photon%20X%20Pro/src/UI
/PhotonXPro.UI.Tauri/node_modules/rollup/dist/es/shared/parseAst.js:406:41)
    at error (file:///C:/Users/areol/OneDrive%20-%20Wizard%E6%A0%AA%E5%BC%8F%E4%BC%9A%E7%A4%BE/%E5%84%AA%E9%A6%99%E5%85
%B1%E6%9C%89%E7%94%A8/gnosticlibrary/Production/PickleBall/%E3%82%A2%E3%83%97%E3%83%AA/Photon%20X%20Pro/src/UI/PhotonXP
ro.UI.Tauri/node_modules/rollup/dist/es/shared/parseAst.js:402:42)
    at Module.error (file:///C:/Users/areol/OneDrive%20-%20Wizard%E6%A0%AA%E5%BC%8F%E4%BC%9A%E7%A4%BE/%E5%84%AA%E9%A6%9
9%E5%85%B1%E6%9C%89%E7%94%A8/gnosticlibrary/Production/PickleBall/%E3%82%A2%E3%83%97%E3%83%AA/Photon%20X%20Pro/src/UI/P
hotonXPro.UI.Tauri/node_modules/rollup/dist/es/shared/node-entry.js:17384:16)
    at Module.traceVariable (file:///C:/Users/areol/OneDrive%20-%20Wizard%E6%A0%AA%E5%BC%8F%E4%BC%9A%E7%A4%BE/%E5%84%AA
%E9%A6%99%E5%85%B1%E6%9C%89%E7%94%A8/gnosticlibrary/Production/PickleBall/%E3%82%A2%E3%83%97%E3%83%AA/Photon%20X%20Pro/
src/UI/PhotonXPro.UI.Tauri/node_modules/rollup/dist/es/shared/node-entry.js:17817:29)
    at ModuleScope.findVariable (file:///C:/Users/areol/OneDrive%20-%20Wizard%E6%A0%AA%E5%BC%8F%E4%BC%9A%E7%A4%BE/%E5%8
4%AA%E9%A6%99%E5%85%B1%E6%9C%89%E7%94%A8/gnosticlibrary/Production/PickleBall/%E3%82%A2%E3%83%97%E3%83%AA/Photon%20X%20
Pro/src/UI/PhotonXPro.UI.Tauri/node_modules/rollup/dist/es/shared/node-entry.js:15407:39)
    at FunctionScope.findVariable (file:///C:/Users/areol/OneDrive%20-%20Wizard%E6%A0%AA%E5%BC%8F%E4%BC%9A%E7%A4%BE/%E5
%84%AA%E9%A6%99%E5%85%B1%E6%9C%89%E7%94%A8/gnosticlibrary/Production/PickleBall/%E3%82%A2%E3%83%97%E3%83%AA/Photon%20X%
20Pro/src/UI/PhotonXPro.UI.Tauri/node_modules/rollup/dist/es/shared/node-entry.js:5676:38)
    at FunctionBodyScope.findVariable (file:///C:/Users/areol/OneDrive%20-%20Wizard%E6%A0%AA%E5%BC%8F%E4%BC%9A%E7%A4%BE
/%E5%84%AA%E9%A6%99%E5%85%B1%E6%9C%89%E7%94%A8/gnosticlibrary/Production/PickleBall/%E3%82%A2%E3%83%97%E3%83%AA/Photon%
20X%20Pro/src/UI/PhotonXPro.UI.Tauri/node_modules/rollup/dist/es/shared/node-entry.js:5676:38)
    at ReturnValueScope.findVariable (file:///C:/Users/areol/OneDrive%20-%20Wizard%E6%A0%AA%E5%BC%8F%E4%BC%9A%E7%A4%BE/
%E5%84%AA%E9%A6%99%E5%85%B1%E6%9C%89%E7%94%A8/gnosticlibrary/Production/PickleBall/%E3%82%A2%E3%83%97%E3%83%AA/Photon%2
0X%20Pro/src/UI/PhotonXPro.UI.Tauri/node_modules/rollup/dist/es/shared/node-entry.js:5676:38)
    at FunctionBodyScope.findVariable (file:///C:/Users/areol/OneDrive%20-%20Wizard%E6%A0%AA%E5%BC%8F%E4%BC%9A%E7%A4%BE
/%E5%84%AA%E9%A6%99%E5%85%B1%E6%9C%89%E7%94%A8/gnosticlibrary/Production/PickleBall/%E3%82%A2%E3%83%97%E3%83%AA/Photon%
20X%20Pro/src/UI/PhotonXPro.UI.Tauri/node_modules/rollup/dist/es/shared/node-entry.js:5676:38)
    at FunctionScope.findVariable (file:///C:/Users/areol/OneDrive%20-%20Wizard%E6%A0%AA%E5%BC%8F%E4%BC%9A%E7%A4%BE/%E5
%84%AA%E9%A6%99%E5%85%B1%E6%9C%89%E7%94%A8/gnosticlibrary/Production/PickleBall/%E3%82%A2%E3%83%97%E3%83%AA/Photon%20X%
20Pro/src/UI/PhotonXPro.UI.Tauri/node_modules/rollup/dist/es/shared/node-entry.js:5676:38)[39m
